0 info it worked if it ends with ok
1 verbose cli [ 'C:\\Program Files\\nodejs\\node.exe',
1 verbose cli   'C:\\Program Files\\nodejs\\node_modules\\npm\\bin\\npm-cli.js',
1 verbose cli   'update' ]
2 info using npm@3.10.10
3 info using node@v6.11.1
4 silly mapToRegistry name acorn
5 silly mapToRegistry using default registry
6 silly mapToRegistry registry https://registry.npmjs.org/
7 silly mapToRegistry data Result {
7 silly mapToRegistry   raw: 'acorn',
7 silly mapToRegistry   scope: null,
7 silly mapToRegistry   escapedName: 'acorn',
7 silly mapToRegistry   name: 'acorn',
7 silly mapToRegistry   rawSpec: '',
7 silly mapToRegistry   spec: 'latest',
7 silly mapToRegistry   type: 'tag' }
8 silly mapToRegistry uri https://registry.npmjs.org/acorn
9 silly mapToRegistry name acorn-dynamic-import
10 silly mapToRegistry using default registry
11 silly mapToRegistry registry https://registry.npmjs.org/
12 silly mapToRegistry data Result {
12 silly mapToRegistry   raw: 'acorn-dynamic-import',
12 silly mapToRegistry   scope: null,
12 silly mapToRegistry   escapedName: 'acorn-dynamic-import',
12 silly mapToRegistry   name: 'acorn-dynamic-import',
12 silly mapToRegistry   rawSpec: '',
12 silly mapToRegistry   spec: 'latest',
12 silly mapToRegistry   type: 'tag' }
13 silly mapToRegistry uri https://registry.npmjs.org/acorn-dynamic-import
14 silly mapToRegistry name acorn-jsx-walk
15 silly mapToRegistry using default registry
16 silly mapToRegistry registry https://registry.npmjs.org/
17 silly mapToRegistry data Result {
17 silly mapToRegistry   raw: 'acorn-jsx-walk',
17 silly mapToRegistry   scope: null,
17 silly mapToRegistry   escapedName: 'acorn-jsx-walk',
17 silly mapToRegistry   name: 'acorn-jsx-walk',
17 silly mapToRegistry   rawSpec: '',
17 silly mapToRegistry   spec: 'latest',
17 silly mapToRegistry   type: 'tag' }
18 silly mapToRegistry uri https://registry.npmjs.org/acorn-jsx-walk
19 silly mapToRegistry name file-saver
20 silly mapToRegistry using default registry
21 silly mapToRegistry registry https://registry.npmjs.org/
22 silly mapToRegistry data Result {
22 silly mapToRegistry   raw: 'file-saver',
22 silly mapToRegistry   scope: null,
22 silly mapToRegistry   escapedName: 'file-saver',
22 silly mapToRegistry   name: 'file-saver',
22 silly mapToRegistry   rawSpec: '',
22 silly mapToRegistry   spec: 'latest',
22 silly mapToRegistry   type: 'tag' }
23 silly mapToRegistry uri https://registry.npmjs.org/file-saver
24 silly mapToRegistry name imports-loader
25 silly mapToRegistry using default registry
26 silly mapToRegistry registry https://registry.npmjs.org/
27 silly mapToRegistry data Result {
27 silly mapToRegistry   raw: 'imports-loader',
27 silly mapToRegistry   scope: null,
27 silly mapToRegistry   escapedName: 'imports-loader',
27 silly mapToRegistry   name: 'imports-loader',
27 silly mapToRegistry   rawSpec: '',
27 silly mapToRegistry   spec: 'latest',
27 silly mapToRegistry   type: 'tag' }
28 silly mapToRegistry uri https://registry.npmjs.org/imports-loader
29 silly mapToRegistry name react
30 silly mapToRegistry using default registry
31 silly mapToRegistry registry https://registry.npmjs.org/
32 silly mapToRegistry data Result {
32 silly mapToRegistry   raw: 'react',
32 silly mapToRegistry   scope: null,
32 silly mapToRegistry   escapedName: 'react',
32 silly mapToRegistry   name: 'react',
32 silly mapToRegistry   rawSpec: '',
32 silly mapToRegistry   spec: 'latest',
32 silly mapToRegistry   type: 'tag' }
33 silly mapToRegistry uri https://registry.npmjs.org/react
34 silly mapToRegistry name react-codemirror
35 silly mapToRegistry using default registry
36 silly mapToRegistry registry https://registry.npmjs.org/
37 silly mapToRegistry data Result {
37 silly mapToRegistry   raw: 'react-codemirror',
37 silly mapToRegistry   scope: null,
37 silly mapToRegistry   escapedName: 'react-codemirror',
37 silly mapToRegistry   name: 'react-codemirror',
37 silly mapToRegistry   rawSpec: '',
37 silly mapToRegistry   spec: 'latest',
37 silly mapToRegistry   type: 'tag' }
38 silly mapToRegistry uri https://registry.npmjs.org/react-codemirror
39 silly mapToRegistry name react-dom
40 silly mapToRegistry using default registry
41 silly mapToRegistry registry https://registry.npmjs.org/
42 silly mapToRegistry data Result {
42 silly mapToRegistry   raw: 'react-dom',
42 silly mapToRegistry   scope: null,
42 silly mapToRegistry   escapedName: 'react-dom',
42 silly mapToRegistry   name: 'react-dom',
42 silly mapToRegistry   rawSpec: '',
42 silly mapToRegistry   spec: 'latest',
42 silly mapToRegistry   type: 'tag' }
43 silly mapToRegistry uri https://registry.npmjs.org/react-dom
44 silly mapToRegistry name react-split-pane
45 silly mapToRegistry using default registry
46 silly mapToRegistry registry https://registry.npmjs.org/
47 silly mapToRegistry data Result {
47 silly mapToRegistry   raw: 'react-split-pane',
47 silly mapToRegistry   scope: null,
47 silly mapToRegistry   escapedName: 'react-split-pane',
47 silly mapToRegistry   name: 'react-split-pane',
47 silly mapToRegistry   rawSpec: '',
47 silly mapToRegistry   spec: 'latest',
47 silly mapToRegistry   type: 'tag' }
48 silly mapToRegistry uri https://registry.npmjs.org/react-split-pane
49 silly mapToRegistry name react-tabs
50 silly mapToRegistry using default registry
51 silly mapToRegistry registry https://registry.npmjs.org/
52 silly mapToRegistry data Result {
52 silly mapToRegistry   raw: 'react-tabs',
52 silly mapToRegistry   scope: null,
52 silly mapToRegistry   escapedName: 'react-tabs',
52 silly mapToRegistry   name: 'react-tabs',
52 silly mapToRegistry   rawSpec: '',
52 silly mapToRegistry   spec: 'latest',
52 silly mapToRegistry   type: 'tag' }
53 silly mapToRegistry uri https://registry.npmjs.org/react-tabs
54 silly mapToRegistry name snapsvg
55 silly mapToRegistry using default registry
56 silly mapToRegistry registry https://registry.npmjs.org/
57 silly mapToRegistry data Result {
57 silly mapToRegistry   raw: 'snapsvg',
57 silly mapToRegistry   scope: null,
57 silly mapToRegistry   escapedName: 'snapsvg',
57 silly mapToRegistry   name: 'snapsvg',
57 silly mapToRegistry   rawSpec: '',
57 silly mapToRegistry   spec: 'latest',
57 silly mapToRegistry   type: 'tag' }
58 silly mapToRegistry uri https://registry.npmjs.org/snapsvg
59 silly mapToRegistry name react-scripts
60 silly mapToRegistry using default registry
61 silly mapToRegistry registry https://registry.npmjs.org/
62 silly mapToRegistry data Result {
62 silly mapToRegistry   raw: 'react-scripts',
62 silly mapToRegistry   scope: null,
62 silly mapToRegistry   escapedName: 'react-scripts',
62 silly mapToRegistry   name: 'react-scripts',
62 silly mapToRegistry   rawSpec: '',
62 silly mapToRegistry   spec: 'latest',
62 silly mapToRegistry   type: 'tag' }
63 silly mapToRegistry uri https://registry.npmjs.org/react-scripts
64 verbose request uri https://registry.npmjs.org/react-scripts
65 verbose request no auth needed
66 info attempt registry request try #1 at 1:51:38 PM
67 verbose request id 6ab9765ef7c09c41
68 http request GET https://registry.npmjs.org/react-scripts
69 verbose request uri https://registry.npmjs.org/file-saver
70 verbose request no auth needed
71 info attempt registry request try #1 at 1:51:38 PM
72 verbose etag W/"59671a6e-3a73"
73 verbose lastModified Thu, 13 Jul 2017 06:59:58 GMT
74 http request GET https://registry.npmjs.org/file-saver
75 verbose request uri https://registry.npmjs.org/acorn-jsx-walk
76 verbose request no auth needed
77 info attempt registry request try #1 at 1:51:38 PM
78 verbose etag W/"55f73abd-11fc"
79 verbose lastModified Mon, 14 Sep 2015 21:23:09 GMT
80 http request GET https://registry.npmjs.org/acorn-jsx-walk
81 verbose request uri https://registry.npmjs.org/acorn
82 verbose request no auth needed
83 info attempt registry request try #1 at 1:51:38 PM
84 verbose etag W/"59610428-25d05"
85 verbose lastModified Sat, 08 Jul 2017 16:11:20 GMT
86 http request GET https://registry.npmjs.org/acorn
87 verbose request uri https://registry.npmjs.org/acorn-dynamic-import
88 verbose request no auth needed
89 info attempt registry request try #1 at 1:51:38 PM
90 verbose etag W/"594b2053-36ea"
91 verbose lastModified Thu, 22 Jun 2017 01:41:39 GMT
92 http request GET https://registry.npmjs.org/acorn-dynamic-import
93 verbose request uri https://registry.npmjs.org/react-codemirror
94 verbose request no auth needed
95 info attempt registry request try #1 at 1:51:38 PM
96 verbose etag W/"596cce8e-818d"
97 verbose lastModified Mon, 17 Jul 2017 14:49:50 GMT
98 http request GET https://registry.npmjs.org/react-codemirror
99 verbose request uri https://registry.npmjs.org/imports-loader
100 verbose request no auth needed
101 info attempt registry request try #1 at 1:51:38 PM
102 verbose etag W/"594f700f-3f11"
103 verbose lastModified Sun, 25 Jun 2017 08:10:55 GMT
104 http request GET https://registry.npmjs.org/imports-loader
105 verbose request uri https://registry.npmjs.org/react-dom
106 verbose request no auth needed
107 info attempt registry request try #1 at 1:51:38 PM
108 verbose etag W/"5971a1a2-1a931"
109 verbose lastModified Fri, 21 Jul 2017 06:39:30 GMT
110 http request GET https://registry.npmjs.org/react-dom
111 verbose request uri https://registry.npmjs.org/snapsvg
112 verbose request no auth needed
113 info attempt registry request try #1 at 1:51:38 PM
114 verbose etag W/"59510ca8-2af6"
115 verbose lastModified Mon, 26 Jun 2017 13:31:20 GMT
116 http request GET https://registry.npmjs.org/snapsvg
117 verbose request uri https://registry.npmjs.org/react-tabs
118 verbose request no auth needed
119 info attempt registry request try #1 at 1:51:38 PM
120 verbose etag W/"593fa38c-e94c"
121 verbose lastModified Tue, 13 Jun 2017 08:34:20 GMT
122 http request GET https://registry.npmjs.org/react-tabs
123 verbose request uri https://registry.npmjs.org/react
124 verbose request no auth needed
125 info attempt registry request try #1 at 1:51:38 PM
126 verbose etag W/"5975eb1f-2c581"
127 verbose lastModified Mon, 24 Jul 2017 12:42:07 GMT
128 http request GET https://registry.npmjs.org/react
129 verbose request uri https://registry.npmjs.org/react-split-pane
130 verbose request no auth needed
131 info attempt registry request try #1 at 1:51:38 PM
132 verbose etag W/"596ccf7e-26b22"
133 verbose lastModified Mon, 17 Jul 2017 14:53:50 GMT
134 http request GET https://registry.npmjs.org/react-split-pane
135 http 304 https://registry.npmjs.org/react-dom
136 verbose headers { date: 'Tue, 25 Jul 2017 18:51:38 GMT',
136 verbose headers   via: '1.1 varnish',
136 verbose headers   'cache-control': 'max-age=300',
136 verbose headers   etag: 'W/"5971a1a2-1a931"',
136 verbose headers   age: '260',
136 verbose headers   connection: 'keep-alive',
136 verbose headers   'x-served-by': 'cache-sea1041-SEA',
136 verbose headers   'x-cache': 'HIT',
136 verbose headers   'x-cache-hits': '5',
136 verbose headers   'x-timer': 'S1501008699.911409,VS0,VE0',
136 verbose headers   vary: 'Accept-Encoding, Accept' }
137 silly get cb [ 304,
137 silly get   { date: 'Tue, 25 Jul 2017 18:51:38 GMT',
137 silly get     via: '1.1 varnish',
137 silly get     'cache-control': 'max-age=300',
137 silly get     etag: 'W/"5971a1a2-1a931"',
137 silly get     age: '260',
137 silly get     connection: 'keep-alive',
137 silly get     'x-served-by': 'cache-sea1041-SEA',
137 silly get     'x-cache': 'HIT',
137 silly get     'x-cache-hits': '5',
137 silly get     'x-timer': 'S1501008699.911409,VS0,VE0',
137 silly get     vary: 'Accept-Encoding, Accept' } ]
138 verbose etag https://registry.npmjs.org/react-dom from cache
139 verbose get saving react-dom to C:\Users\jcorozco\AppData\Roaming\npm-cache\registry.npmjs.org\react-dom\.cache.json
140 verbose correctMkdir C:\Users\jcorozco\AppData\Roaming\npm-cache correctMkdir not in flight; initializing
141 http 304 https://registry.npmjs.org/acorn
142 verbose headers { date: 'Tue, 25 Jul 2017 18:51:38 GMT',
142 verbose headers   via: '1.1 varnish',
142 verbose headers   'cache-control': 'max-age=300',
142 verbose headers   etag: 'W/"59610428-25d05"',
142 verbose headers   age: '69',
142 verbose headers   connection: 'keep-alive',
142 verbose headers   'x-served-by': 'cache-sea1044-SEA',
142 verbose headers   'x-cache': 'HIT',
142 verbose headers   'x-cache-hits': '5',
142 verbose headers   'x-timer': 'S1501008699.911843,VS0,VE0',
142 verbose headers   vary: 'Accept-Encoding, Accept' }
143 silly get cb [ 304,
143 silly get   { date: 'Tue, 25 Jul 2017 18:51:38 GMT',
143 silly get     via: '1.1 varnish',
143 silly get     'cache-control': 'max-age=300',
143 silly get     etag: 'W/"59610428-25d05"',
143 silly get     age: '69',
143 silly get     connection: 'keep-alive',
143 silly get     'x-served-by': 'cache-sea1044-SEA',
143 silly get     'x-cache': 'HIT',
143 silly get     'x-cache-hits': '5',
143 silly get     'x-timer': 'S1501008699.911843,VS0,VE0',
143 silly get     vary: 'Accept-Encoding, Accept' } ]
144 verbose etag https://registry.npmjs.org/acorn from cache
145 verbose get saving acorn to C:\Users\jcorozco\AppData\Roaming\npm-cache\registry.npmjs.org\acorn\.cache.json
146 verbose correctMkdir C:\Users\jcorozco\AppData\Roaming\npm-cache correctMkdir already in flight; waiting
147 http 304 https://registry.npmjs.org/react
148 verbose headers { date: 'Tue, 25 Jul 2017 18:51:38 GMT',
148 verbose headers   via: '1.1 varnish',
148 verbose headers   'cache-control': 'max-age=300',
148 verbose headers   etag: 'W/"5975eb1f-2c581"',
148 verbose headers   age: '260',
148 verbose headers   connection: 'keep-alive',
148 verbose headers   'x-served-by': 'cache-sea1023-SEA',
148 verbose headers   'x-cache': 'HIT',
148 verbose headers   'x-cache-hits': '2',
148 verbose headers   'x-timer': 'S1501008699.909199,VS0,VE0',
148 verbose headers   vary: 'Accept-Encoding, Accept' }
149 silly get cb [ 304,
149 silly get   { date: 'Tue, 25 Jul 2017 18:51:38 GMT',
149 silly get     via: '1.1 varnish',
149 silly get     'cache-control': 'max-age=300',
149 silly get     etag: 'W/"5975eb1f-2c581"',
149 silly get     age: '260',
149 silly get     connection: 'keep-alive',
149 silly get     'x-served-by': 'cache-sea1023-SEA',
149 silly get     'x-cache': 'HIT',
149 silly get     'x-cache-hits': '2',
149 silly get     'x-timer': 'S1501008699.909199,VS0,VE0',
149 silly get     vary: 'Accept-Encoding, Accept' } ]
150 verbose etag https://registry.npmjs.org/react from cache
151 verbose get saving react to C:\Users\jcorozco\AppData\Roaming\npm-cache\registry.npmjs.org\react\.cache.json
152 verbose correctMkdir C:\Users\jcorozco\AppData\Roaming\npm-cache correctMkdir already in flight; waiting
153 http 304 https://registry.npmjs.org/imports-loader
154 verbose headers { date: 'Tue, 25 Jul 2017 18:51:38 GMT',
154 verbose headers   via: '1.1 varnish',
154 verbose headers   'cache-control': 'max-age=300',
154 verbose headers   etag: 'W/"594f700f-3f11"',
154 verbose headers   age: '76',
154 verbose headers   connection: 'keep-alive',
154 verbose headers   'x-served-by': 'cache-sea1034-SEA',
154 verbose headers   'x-cache': 'HIT',
154 verbose headers   'x-cache-hits': '1',
154 verbose headers   'x-timer': 'S1501008699.908324,VS0,VE0',
154 verbose headers   vary: 'Accept-Encoding, Accept' }
155 silly get cb [ 304,
155 silly get   { date: 'Tue, 25 Jul 2017 18:51:38 GMT',
155 silly get     via: '1.1 varnish',
155 silly get     'cache-control': 'max-age=300',
155 silly get     etag: 'W/"594f700f-3f11"',
155 silly get     age: '76',
155 silly get     connection: 'keep-alive',
155 silly get     'x-served-by': 'cache-sea1034-SEA',
155 silly get     'x-cache': 'HIT',
155 silly get     'x-cache-hits': '1',
155 silly get     'x-timer': 'S1501008699.908324,VS0,VE0',
155 silly get     vary: 'Accept-Encoding, Accept' } ]
156 verbose etag https://registry.npmjs.org/imports-loader from cache
157 verbose get saving imports-loader to C:\Users\jcorozco\AppData\Roaming\npm-cache\registry.npmjs.org\imports-loader\.cache.json
158 verbose correctMkdir C:\Users\jcorozco\AppData\Roaming\npm-cache correctMkdir already in flight; waiting
159 http 304 https://registry.npmjs.org/react-codemirror
160 verbose headers { date: 'Tue, 25 Jul 2017 18:51:38 GMT',
160 verbose headers   via: '1.1 varnish',
160 verbose headers   'cache-control': 'max-age=300',
160 verbose headers   etag: 'W/"596cce8e-818d"',
160 verbose headers   age: '0',
160 verbose headers   connection: 'keep-alive',
160 verbose headers   'x-served-by': 'cache-sea1033-SEA',
160 verbose headers   'x-cache': 'HIT',
160 verbose headers   'x-cache-hits': '1',
160 verbose headers   'x-timer': 'S1501008699.907573,VS0,VE8',
160 verbose headers   vary: 'Accept-Encoding, Accept' }
161 silly get cb [ 304,
161 silly get   { date: 'Tue, 25 Jul 2017 18:51:38 GMT',
161 silly get     via: '1.1 varnish',
161 silly get     'cache-control': 'max-age=300',
161 silly get     etag: 'W/"596cce8e-818d"',
161 silly get     age: '0',
161 silly get     connection: 'keep-alive',
161 silly get     'x-served-by': 'cache-sea1033-SEA',
161 silly get     'x-cache': 'HIT',
161 silly get     'x-cache-hits': '1',
161 silly get     'x-timer': 'S1501008699.907573,VS0,VE8',
161 silly get     vary: 'Accept-Encoding, Accept' } ]
162 verbose etag https://registry.npmjs.org/react-codemirror from cache
163 verbose get saving react-codemirror to C:\Users\jcorozco\AppData\Roaming\npm-cache\registry.npmjs.org\react-codemirror\.cache.json
164 verbose correctMkdir C:\Users\jcorozco\AppData\Roaming\npm-cache correctMkdir already in flight; waiting
165 http 304 https://registry.npmjs.org/acorn-dynamic-import
166 verbose headers { date: 'Tue, 25 Jul 2017 18:51:38 GMT',
166 verbose headers   via: '1.1 varnish',
166 verbose headers   'cache-control': 'max-age=300',
166 verbose headers   etag: 'W/"594b2053-36ea"',
166 verbose headers   age: '35',
166 verbose headers   connection: 'keep-alive',
166 verbose headers   'x-served-by': 'cache-sea1029-SEA',
166 verbose headers   'x-cache': 'HIT',
166 verbose headers   'x-cache-hits': '1',
166 verbose headers   'x-timer': 'S1501008699.913531,VS0,VE0',
166 verbose headers   vary: 'Accept-Encoding, Accept' }
167 silly get cb [ 304,
167 silly get   { date: 'Tue, 25 Jul 2017 18:51:38 GMT',
167 silly get     via: '1.1 varnish',
167 silly get     'cache-control': 'max-age=300',
167 silly get     etag: 'W/"594b2053-36ea"',
167 silly get     age: '35',
167 silly get     connection: 'keep-alive',
167 silly get     'x-served-by': 'cache-sea1029-SEA',
167 silly get     'x-cache': 'HIT',
167 silly get     'x-cache-hits': '1',
167 silly get     'x-timer': 'S1501008699.913531,VS0,VE0',
167 silly get     vary: 'Accept-Encoding, Accept' } ]
168 verbose etag https://registry.npmjs.org/acorn-dynamic-import from cache
169 verbose get saving acorn-dynamic-import to C:\Users\jcorozco\AppData\Roaming\npm-cache\registry.npmjs.org\acorn-dynamic-import\.cache.json
170 verbose correctMkdir C:\Users\jcorozco\AppData\Roaming\npm-cache correctMkdir not in flight; initializing
171 http 304 https://registry.npmjs.org/acorn-jsx-walk
172 verbose headers { date: 'Tue, 25 Jul 2017 18:51:38 GMT',
172 verbose headers   via: '1.1 varnish',
172 verbose headers   'cache-control': 'max-age=300',
172 verbose headers   etag: 'W/"55f73abd-11fc"',
172 verbose headers   age: '0',
172 verbose headers   connection: 'keep-alive',
172 verbose headers   'x-served-by': 'cache-sea1023-SEA',
172 verbose headers   'x-cache': 'MISS',
172 verbose headers   'x-cache-hits': '0',
172 verbose headers   'x-timer': 'S1501008699.910586,VS0,VE8',
172 verbose headers   vary: 'Accept-Encoding, Accept' }
173 silly get cb [ 304,
173 silly get   { date: 'Tue, 25 Jul 2017 18:51:38 GMT',
173 silly get     via: '1.1 varnish',
173 silly get     'cache-control': 'max-age=300',
173 silly get     etag: 'W/"55f73abd-11fc"',
173 silly get     age: '0',
173 silly get     connection: 'keep-alive',
173 silly get     'x-served-by': 'cache-sea1023-SEA',
173 silly get     'x-cache': 'MISS',
173 silly get     'x-cache-hits': '0',
173 silly get     'x-timer': 'S1501008699.910586,VS0,VE8',
173 silly get     vary: 'Accept-Encoding, Accept' } ]
174 verbose etag https://registry.npmjs.org/acorn-jsx-walk from cache
175 verbose get saving acorn-jsx-walk to C:\Users\jcorozco\AppData\Roaming\npm-cache\registry.npmjs.org\acorn-jsx-walk\.cache.json
176 verbose correctMkdir C:\Users\jcorozco\AppData\Roaming\npm-cache correctMkdir not in flight; initializing
177 http 304 https://registry.npmjs.org/react-split-pane
178 verbose headers { date: 'Tue, 25 Jul 2017 18:51:38 GMT',
178 verbose headers   via: '1.1 varnish',
178 verbose headers   'cache-control': 'max-age=300',
178 verbose headers   etag: 'W/"596ccf7e-26b22"',
178 verbose headers   age: '0',
178 verbose headers   connection: 'keep-alive',
178 verbose headers   'x-served-by': 'cache-sea1031-SEA',
178 verbose headers   'x-cache': 'HIT',
178 verbose headers   'x-cache-hits': '1',
178 verbose headers   'x-timer': 'S1501008699.909641,VS0,VE7',
178 verbose headers   vary: 'Accept-Encoding, Accept' }
179 silly get cb [ 304,
179 silly get   { date: 'Tue, 25 Jul 2017 18:51:38 GMT',
179 silly get     via: '1.1 varnish',
179 silly get     'cache-control': 'max-age=300',
179 silly get     etag: 'W/"596ccf7e-26b22"',
179 silly get     age: '0',
179 silly get     connection: 'keep-alive',
179 silly get     'x-served-by': 'cache-sea1031-SEA',
179 silly get     'x-cache': 'HIT',
179 silly get     'x-cache-hits': '1',
179 silly get     'x-timer': 'S1501008699.909641,VS0,VE7',
179 silly get     vary: 'Accept-Encoding, Accept' } ]
180 verbose etag https://registry.npmjs.org/react-split-pane from cache
181 verbose get saving react-split-pane to C:\Users\jcorozco\AppData\Roaming\npm-cache\registry.npmjs.org\react-split-pane\.cache.json
182 verbose correctMkdir C:\Users\jcorozco\AppData\Roaming\npm-cache correctMkdir not in flight; initializing
183 http 304 https://registry.npmjs.org/react-tabs
184 verbose headers { date: 'Tue, 25 Jul 2017 18:51:38 GMT',
184 verbose headers   via: '1.1 varnish',
184 verbose headers   'cache-control': 'max-age=300',
184 verbose headers   etag: 'W/"593fa38c-e94c"',
184 verbose headers   age: '0',
184 verbose headers   connection: 'keep-alive',
184 verbose headers   'x-served-by': 'cache-sea1036-SEA',
184 verbose headers   'x-cache': 'HIT',
184 verbose headers   'x-cache-hits': '1',
184 verbose headers   'x-timer': 'S1501008699.909918,VS0,VE7',
184 verbose headers   vary: 'Accept-Encoding, Accept' }
185 silly get cb [ 304,
185 silly get   { date: 'Tue, 25 Jul 2017 18:51:38 GMT',
185 silly get     via: '1.1 varnish',
185 silly get     'cache-control': 'max-age=300',
185 silly get     etag: 'W/"593fa38c-e94c"',
185 silly get     age: '0',
185 silly get     connection: 'keep-alive',
185 silly get     'x-served-by': 'cache-sea1036-SEA',
185 silly get     'x-cache': 'HIT',
185 silly get     'x-cache-hits': '1',
185 silly get     'x-timer': 'S1501008699.909918,VS0,VE7',
185 silly get     vary: 'Accept-Encoding, Accept' } ]
186 verbose etag https://registry.npmjs.org/react-tabs from cache
187 verbose get saving react-tabs to C:\Users\jcorozco\AppData\Roaming\npm-cache\registry.npmjs.org\react-tabs\.cache.json
188 verbose correctMkdir C:\Users\jcorozco\AppData\Roaming\npm-cache correctMkdir not in flight; initializing
189 http 304 https://registry.npmjs.org/snapsvg
190 verbose headers { date: 'Tue, 25 Jul 2017 18:51:38 GMT',
190 verbose headers   via: '1.1 varnish',
190 verbose headers   'cache-control': 'max-age=300',
190 verbose headers   etag: 'W/"59510ca8-2af6"',
190 verbose headers   age: '0',
190 verbose headers   connection: 'keep-alive',
190 verbose headers   'x-served-by': 'cache-sea1044-SEA',
190 verbose headers   'x-cache': 'HIT',
190 verbose headers   'x-cache-hits': '1',
190 verbose headers   'x-timer': 'S1501008699.911320,VS0,VE9',
190 verbose headers   vary: 'Accept-Encoding, Accept' }
191 silly get cb [ 304,
191 silly get   { date: 'Tue, 25 Jul 2017 18:51:38 GMT',
191 silly get     via: '1.1 varnish',
191 silly get     'cache-control': 'max-age=300',
191 silly get     etag: 'W/"59510ca8-2af6"',
191 silly get     age: '0',
191 silly get     connection: 'keep-alive',
191 silly get     'x-served-by': 'cache-sea1044-SEA',
191 silly get     'x-cache': 'HIT',
191 silly get     'x-cache-hits': '1',
191 silly get     'x-timer': 'S1501008699.911320,VS0,VE9',
191 silly get     vary: 'Accept-Encoding, Accept' } ]
192 verbose etag https://registry.npmjs.org/snapsvg from cache
193 verbose get saving snapsvg to C:\Users\jcorozco\AppData\Roaming\npm-cache\registry.npmjs.org\snapsvg\.cache.json
194 verbose correctMkdir C:\Users\jcorozco\AppData\Roaming\npm-cache correctMkdir not in flight; initializing
195 http 304 https://registry.npmjs.org/file-saver
196 verbose headers { date: 'Tue, 25 Jul 2017 18:51:38 GMT',
196 verbose headers   via: '1.1 varnish',
196 verbose headers   'cache-control': 'max-age=300',
196 verbose headers   etag: 'W/"59671a6e-3a73"',
196 verbose headers   age: '0',
196 verbose headers   connection: 'keep-alive',
196 verbose headers   'x-served-by': 'cache-sea1038-SEA',
196 verbose headers   'x-cache': 'HIT',
196 verbose headers   'x-cache-hits': '1',
196 verbose headers   'x-timer': 'S1501008699.912755,VS0,VE8',
196 verbose headers   vary: 'Accept-Encoding, Accept' }
197 silly get cb [ 304,
197 silly get   { date: 'Tue, 25 Jul 2017 18:51:38 GMT',
197 silly get     via: '1.1 varnish',
197 silly get     'cache-control': 'max-age=300',
197 silly get     etag: 'W/"59671a6e-3a73"',
197 silly get     age: '0',
197 silly get     connection: 'keep-alive',
197 silly get     'x-served-by': 'cache-sea1038-SEA',
197 silly get     'x-cache': 'HIT',
197 silly get     'x-cache-hits': '1',
197 silly get     'x-timer': 'S1501008699.912755,VS0,VE8',
197 silly get     vary: 'Accept-Encoding, Accept' } ]
198 verbose etag https://registry.npmjs.org/file-saver from cache
199 verbose get saving file-saver to C:\Users\jcorozco\AppData\Roaming\npm-cache\registry.npmjs.org\file-saver\.cache.json
200 verbose correctMkdir C:\Users\jcorozco\AppData\Roaming\npm-cache correctMkdir not in flight; initializing
201 http 200 https://registry.npmjs.org/react-scripts
202 verbose headers { server: 'nginx/1.10.1',
202 verbose headers   'content-type': 'application/json',
202 verbose headers   'last-modified': 'Thu, 29 Jun 2017 18:04:03 GMT',
202 verbose headers   etag: 'W/"59554113-27441"',
202 verbose headers   'content-encoding': 'gzip',
202 verbose headers   'cache-control': 'max-age=300',
202 verbose headers   'content-length': '10693',
202 verbose headers   'accept-ranges': 'bytes',
202 verbose headers   date: 'Tue, 25 Jul 2017 18:51:38 GMT',
202 verbose headers   via: '1.1 varnish',
202 verbose headers   age: '0',
202 verbose headers   connection: 'keep-alive',
202 verbose headers   'x-served-by': 'cache-sea1040-SEA',
202 verbose headers   'x-cache': 'HIT',
202 verbose headers   'x-cache-hits': '1',
202 verbose headers   'x-timer': 'S1501008699.907689,VS0,VE8',
202 verbose headers   vary: 'Accept-Encoding, Accept' }
203 silly get cb [ 200,
203 silly get   { server: 'nginx/1.10.1',
203 silly get     'content-type': 'application/json',
203 silly get     'last-modified': 'Thu, 29 Jun 2017 18:04:03 GMT',
203 silly get     etag: 'W/"59554113-27441"',
203 silly get     'content-encoding': 'gzip',
203 silly get     'cache-control': 'max-age=300',
203 silly get     'content-length': '10693',
203 silly get     'accept-ranges': 'bytes',
203 silly get     date: 'Tue, 25 Jul 2017 18:51:38 GMT',
203 silly get     via: '1.1 varnish',
203 silly get     age: '0',
203 silly get     connection: 'keep-alive',
203 silly get     'x-served-by': 'cache-sea1040-SEA',
203 silly get     'x-cache': 'HIT',
203 silly get     'x-cache-hits': '1',
203 silly get     'x-timer': 'S1501008699.907689,VS0,VE8',
203 silly get     vary: 'Accept-Encoding, Accept' } ]
204 verbose get saving react-scripts to C:\Users\jcorozco\AppData\Roaming\npm-cache\registry.npmjs.org\react-scripts\.cache.json
205 verbose correctMkdir C:\Users\jcorozco\AppData\Roaming\npm-cache correctMkdir not in flight; initializing
206 info outdated updating [ { dep:
206 info outdated      { package: [Object],
206 info outdated        path: 'C:\\Users\\jcorozco\\git\\blockly\\BlocksIDE',
206 info outdated        parent: [Object],
206 info outdated        isMissing: true },
206 info outdated     depname: 'acorn',
206 info outdated     current: undefined,
206 info outdated     wanted: '5.1.1',
206 info outdated     latest: '5.1.1',
206 info outdated     req: '^5.0.3',
206 info outdated     what: 'acorn@5.1.1' },
206 info outdated   { dep:
206 info outdated      { package: [Object],
206 info outdated        path: 'C:\\Users\\jcorozco\\git\\blockly\\BlocksIDE',
206 info outdated        parent: [Object],
206 info outdated        isMissing: true },
206 info outdated     depname: 'acorn-dynamic-import',
206 info outdated     current: undefined,
206 info outdated     wanted: '2.0.2',
206 info outdated     latest: '2.0.2',
206 info outdated     req: '^2.0.2',
206 info outdated     what: 'acorn-dynamic-import@2.0.2' },
206 info outdated   { dep:
206 info outdated      { package: [Object],
206 info outdated        path: 'C:\\Users\\jcorozco\\git\\blockly\\BlocksIDE',
206 info outdated        parent: [Object],
206 info outdated        isMissing: true },
206 info outdated     depname: 'acorn-jsx-walk',
206 info outdated     current: undefined,
206 info outdated     wanted: '1.0.1',
206 info outdated     latest: '1.0.1',
206 info outdated     req: '^1.0.1',
206 info outdated     what: 'acorn-jsx-walk@1.0.1' },
206 info outdated   { dep:
206 info outdated      { package: [Object],
206 info outdated        path: 'C:\\Users\\jcorozco\\git\\blockly\\BlocksIDE',
206 info outdated        parent: [Object],
206 info outdated        isMissing: true },
206 info outdated     depname: 'blockpy',
206 info outdated     current: undefined,
206 info outdated     wanted: 'git',
206 info outdated     latest: 'git',
206 info outdated     req: 'git+https://github.com/JC-Orozco/blockpy.git#2984f8f',
206 info outdated     what: 'blockpy@git' },
206 info outdated   { dep:
206 info outdated      { package: [Object],
206 info outdated        path: 'C:\\Users\\jcorozco\\git\\blockly\\BlocksIDE',
206 info outdated        parent: [Object],
206 info outdated        isMissing: true },
206 info outdated     depname: 'file-saver',
206 info outdated     current: undefined,
206 info outdated     wanted: '1.3.3',
206 info outdated     latest: '1.3.3',
206 info outdated     req: '^1.3.3',
206 info outdated     what: 'file-saver@1.3.3' },
206 info outdated   { dep:
206 info outdated      { package: [Object],
206 info outdated        path: 'C:\\Users\\jcorozco\\git\\blockly\\BlocksIDE',
206 info outdated        parent: [Object],
206 info outdated        isMissing: true },
206 info outdated     depname: 'imports-loader',
206 info outdated     current: undefined,
206 info outdated     wanted: '0.7.1',
206 info outdated     latest: '0.7.1',
206 info outdated     req: '^0.7.1',
206 info outdated     what: 'imports-loader@0.7.1' },
206 info outdated   { dep:
206 info outdated      { package: [Object],
206 info outdated        path: 'C:\\Users\\jcorozco\\git\\blockly\\BlocksIDE',
206 info outdated        parent: [Object],
206 info outdated        isMissing: true },
206 info outdated     depname: 'node-blockly',
206 info outdated     current: undefined,
206 info outdated     wanted: 'git',
206 info outdated     latest: 'git',
206 info outdated     req: 'git+https://github.com/JC-Orozco/node-blockly.git#3d82d76',
206 info outdated     what: 'node-blockly@git' },
206 info outdated   { dep:
206 info outdated      { package: [Object],
206 info outdated        path: 'C:\\Users\\jcorozco\\git\\blockly\\BlocksIDE',
206 info outdated        parent: [Object],
206 info outdated        isMissing: true },
206 info outdated     depname: 'react',
206 info outdated     current: undefined,
206 info outdated     wanted: '15.6.1',
206 info outdated     latest: '15.6.1',
206 info outdated     req: '^15.5.4',
206 info outdated     what: 'react@15.6.1' },
206 info outdated   { dep:
206 info outdated      { package: [Object],
206 info outdated        path: 'C:\\Users\\jcorozco\\git\\blockly\\BlocksIDE',
206 info outdated        parent: [Object],
206 info outdated        isMissing: true },
206 info outdated     depname: 'react-codemirror',
206 info outdated     current: undefined,
206 info outdated     wanted: '1.0.0',
206 info outdated     latest: '1.0.0',
206 info outdated     req: '^1.0.0',
206 info outdated     what: 'react-codemirror@1.0.0' },
206 info outdated   { dep:
206 info outdated      { package: [Object],
206 info outdated        path: 'C:\\Users\\jcorozco\\git\\blockly\\BlocksIDE',
206 info outdated        parent: [Object],
206 info outdated        isMissing: true },
206 info outdated     depname: 'react-dom',
206 info outdated     current: undefined,
206 info outdated     wanted: '15.6.1',
206 info outdated     latest: '15.6.1',
206 info outdated     req: '^15.5.4',
206 info outdated     what: 'react-dom@15.6.1' },
206 info outdated   { dep:
206 info outdated      { package: [Object],
206 info outdated        path: 'C:\\Users\\jcorozco\\git\\blockly\\BlocksIDE',
206 info outdated        parent: [Object],
206 info outdated        isMissing: true },
206 info outdated     depname: 'react-scripts',
206 info outdated     current: undefined,
206 info outdated     wanted: '1.0.6',
206 info outdated     latest: '1.0.10',
206 info outdated     req: '1.0.6',
206 info outdated     what: 'react-scripts@1.0.6' },
206 info outdated   { dep:
206 info outdated      { package: [Object],
206 info outdated        path: 'C:\\Users\\jcorozco\\git\\blockly\\BlocksIDE',
206 info outdated        parent: [Object],
206 info outdated        isMissing: true },
206 info outdated     depname: 'react-split-pane',
206 info outdated     current: undefined,
206 info outdated     wanted: '0.1.65',
206 info outdated     latest: '0.1.65',
206 info outdated     req: '^0.1.63',
206 info outdated     what: 'react-split-pane@0.1.65' },
206 info outdated   { dep:
206 info outdated      { package: [Object],
206 info outdated        path: 'C:\\Users\\jcorozco\\git\\blockly\\BlocksIDE',
206 info outdated        parent: [Object],
206 info outdated        isMissing: true },
206 info outdated     depname: 'react-tabs',
206 info outdated     current: undefined,
206 info outdated     wanted: '1.1.0',
206 info outdated     latest: '1.1.0',
206 info outdated     req: '^1.0.0',
206 info outdated     what: 'react-tabs@1.1.0' },
206 info outdated   { dep:
206 info outdated      { package: [Object],
206 info outdated        path: 'C:\\Users\\jcorozco\\git\\blockly\\BlocksIDE',
206 info outdated        parent: [Object],
206 info outdated        isMissing: true },
206 info outdated     depname: 'snapsvg',
206 info outdated     current: undefined,
206 info outdated     wanted: '0.5.1',
206 info outdated     latest: '0.5.1',
206 info outdated     req: '^0.5.1',
206 info outdated     what: 'snapsvg@0.5.1' } ]
207 silly loadCurrentTree Starting
208 silly install loadCurrentTree
209 silly install readLocalPackageData
210 silly fetchPackageMetaData acorn@5.1.1
211 silly fetchPackageMetaData acorn-dynamic-import@2.0.2
212 silly fetchPackageMetaData acorn-jsx-walk@1.0.1
213 silly fetchPackageMetaData git+https://github.com/JC-Orozco/blockpy.git#2984f8f
214 silly fetchPackageMetaData file-saver@1.3.3
215 silly fetchPackageMetaData imports-loader@0.7.1
216 silly fetchPackageMetaData git+https://github.com/JC-Orozco/node-blockly.git#3d82d76
217 silly fetchPackageMetaData react@15.6.1
218 silly fetchPackageMetaData react-codemirror@1.0.0
219 silly fetchPackageMetaData react-dom@15.6.1
220 silly fetchPackageMetaData react-scripts@1.0.6
221 silly fetchPackageMetaData react-split-pane@0.1.65
222 silly fetchPackageMetaData react-tabs@1.1.0
223 silly fetchPackageMetaData snapsvg@0.5.1
224 silly fetchNamedPackageData acorn
225 silly mapToRegistry name acorn
226 silly mapToRegistry using default registry
227 silly mapToRegistry registry https://registry.npmjs.org/
228 silly mapToRegistry data Result {
228 silly mapToRegistry   raw: 'acorn',
228 silly mapToRegistry   scope: null,
228 silly mapToRegistry   escapedName: 'acorn',
228 silly mapToRegistry   name: 'acorn',
228 silly mapToRegistry   rawSpec: '',
228 silly mapToRegistry   spec: 'latest',
228 silly mapToRegistry   type: 'tag' }
229 silly mapToRegistry uri https://registry.npmjs.org/acorn
230 silly fetchNamedPackageData acorn-dynamic-import
231 silly mapToRegistry name acorn-dynamic-import
232 silly mapToRegistry using default registry
233 silly mapToRegistry registry https://registry.npmjs.org/
234 silly mapToRegistry data Result {
234 silly mapToRegistry   raw: 'acorn-dynamic-import',
234 silly mapToRegistry   scope: null,
234 silly mapToRegistry   escapedName: 'acorn-dynamic-import',
234 silly mapToRegistry   name: 'acorn-dynamic-import',
234 silly mapToRegistry   rawSpec: '',
234 silly mapToRegistry   spec: 'latest',
234 silly mapToRegistry   type: 'tag' }
235 silly mapToRegistry uri https://registry.npmjs.org/acorn-dynamic-import
236 silly fetchNamedPackageData acorn-jsx-walk
237 silly mapToRegistry name acorn-jsx-walk
238 silly mapToRegistry using default registry
239 silly mapToRegistry registry https://registry.npmjs.org/
240 silly mapToRegistry data Result {
240 silly mapToRegistry   raw: 'acorn-jsx-walk',
240 silly mapToRegistry   scope: null,
240 silly mapToRegistry   escapedName: 'acorn-jsx-walk',
240 silly mapToRegistry   name: 'acorn-jsx-walk',
240 silly mapToRegistry   rawSpec: '',
240 silly mapToRegistry   spec: 'latest',
240 silly mapToRegistry   type: 'tag' }
241 silly mapToRegistry uri https://registry.npmjs.org/acorn-jsx-walk
242 silly fetchNamedPackageData file-saver
243 silly mapToRegistry name file-saver
244 silly mapToRegistry using default registry
245 silly mapToRegistry registry https://registry.npmjs.org/
246 silly mapToRegistry data Result {
246 silly mapToRegistry   raw: 'file-saver',
246 silly mapToRegistry   scope: null,
246 silly mapToRegistry   escapedName: 'file-saver',
246 silly mapToRegistry   name: 'file-saver',
246 silly mapToRegistry   rawSpec: '',
246 silly mapToRegistry   spec: 'latest',
246 silly mapToRegistry   type: 'tag' }
247 silly mapToRegistry uri https://registry.npmjs.org/file-saver
248 silly fetchNamedPackageData imports-loader
249 silly mapToRegistry name imports-loader
250 silly mapToRegistry using default registry
251 silly mapToRegistry registry https://registry.npmjs.org/
252 silly mapToRegistry data Result {
252 silly mapToRegistry   raw: 'imports-loader',
252 silly mapToRegistry   scope: null,
252 silly mapToRegistry   escapedName: 'imports-loader',
252 silly mapToRegistry   name: 'imports-loader',
252 silly mapToRegistry   rawSpec: '',
252 silly mapToRegistry   spec: 'latest',
252 silly mapToRegistry   type: 'tag' }
253 silly mapToRegistry uri https://registry.npmjs.org/imports-loader
254 silly fetchNamedPackageData react
255 silly mapToRegistry name react
256 silly mapToRegistry using default registry
257 silly mapToRegistry registry https://registry.npmjs.org/
258 silly mapToRegistry data Result {
258 silly mapToRegistry   raw: 'react',
258 silly mapToRegistry   scope: null,
258 silly mapToRegistry   escapedName: 'react',
258 silly mapToRegistry   name: 'react',
258 silly mapToRegistry   rawSpec: '',
258 silly mapToRegistry   spec: 'latest',
258 silly mapToRegistry   type: 'tag' }
259 silly mapToRegistry uri https://registry.npmjs.org/react
260 silly fetchNamedPackageData react-codemirror
261 silly mapToRegistry name react-codemirror
262 silly mapToRegistry using default registry
263 silly mapToRegistry registry https://registry.npmjs.org/
264 silly mapToRegistry data Result {
264 silly mapToRegistry   raw: 'react-codemirror',
264 silly mapToRegistry   scope: null,
264 silly mapToRegistry   escapedName: 'react-codemirror',
264 silly mapToRegistry   name: 'react-codemirror',
264 silly mapToRegistry   rawSpec: '',
264 silly mapToRegistry   spec: 'latest',
264 silly mapToRegistry   type: 'tag' }
265 silly mapToRegistry uri https://registry.npmjs.org/react-codemirror
266 silly fetchNamedPackageData react-dom
267 silly mapToRegistry name react-dom
268 silly mapToRegistry using default registry
269 silly mapToRegistry registry https://registry.npmjs.org/
270 silly mapToRegistry data Result {
270 silly mapToRegistry   raw: 'react-dom',
270 silly mapToRegistry   scope: null,
270 silly mapToRegistry   escapedName: 'react-dom',
270 silly mapToRegistry   name: 'react-dom',
270 silly mapToRegistry   rawSpec: '',
270 silly mapToRegistry   spec: 'latest',
270 silly mapToRegistry   type: 'tag' }
271 silly mapToRegistry uri https://registry.npmjs.org/react-dom
272 silly fetchNamedPackageData react-scripts
273 silly mapToRegistry name react-scripts
274 silly mapToRegistry using default registry
275 silly mapToRegistry registry https://registry.npmjs.org/
276 silly mapToRegistry data Result {
276 silly mapToRegistry   raw: 'react-scripts',
276 silly mapToRegistry   scope: null,
276 silly mapToRegistry   escapedName: 'react-scripts',
276 silly mapToRegistry   name: 'react-scripts',
276 silly mapToRegistry   rawSpec: '',
276 silly mapToRegistry   spec: 'latest',
276 silly mapToRegistry   type: 'tag' }
277 silly mapToRegistry uri https://registry.npmjs.org/react-scripts
278 silly fetchNamedPackageData react-split-pane
279 silly mapToRegistry name react-split-pane
280 silly mapToRegistry using default registry
281 silly mapToRegistry registry https://registry.npmjs.org/
282 silly mapToRegistry data Result {
282 silly mapToRegistry   raw: 'react-split-pane',
282 silly mapToRegistry   scope: null,
282 silly mapToRegistry   escapedName: 'react-split-pane',
282 silly mapToRegistry   name: 'react-split-pane',
282 silly mapToRegistry   rawSpec: '',
282 silly mapToRegistry   spec: 'latest',
282 silly mapToRegistry   type: 'tag' }
283 silly mapToRegistry uri https://registry.npmjs.org/react-split-pane
284 silly fetchNamedPackageData react-tabs
285 silly mapToRegistry name react-tabs
286 silly mapToRegistry using default registry
287 silly mapToRegistry registry https://registry.npmjs.org/
288 silly mapToRegistry data Result {
288 silly mapToRegistry   raw: 'react-tabs',
288 silly mapToRegistry   scope: null,
288 silly mapToRegistry   escapedName: 'react-tabs',
288 silly mapToRegistry   name: 'react-tabs',
288 silly mapToRegistry   rawSpec: '',
288 silly mapToRegistry   spec: 'latest',
288 silly mapToRegistry   type: 'tag' }
289 silly mapToRegistry uri https://registry.npmjs.org/react-tabs
290 silly fetchNamedPackageData snapsvg
291 silly mapToRegistry name snapsvg
292 silly mapToRegistry using default registry
293 silly mapToRegistry registry https://registry.npmjs.org/
294 silly mapToRegistry data Result {
294 silly mapToRegistry   raw: 'snapsvg',
294 silly mapToRegistry   scope: null,
294 silly mapToRegistry   escapedName: 'snapsvg',
294 silly mapToRegistry   name: 'snapsvg',
294 silly mapToRegistry   rawSpec: '',
294 silly mapToRegistry   spec: 'latest',
294 silly mapToRegistry   type: 'tag' }
295 silly mapToRegistry uri https://registry.npmjs.org/snapsvg
296 silly fetchOtherPackageData git+https://github.com/JC-Orozco/blockpy.git#2984f8f
297 silly cache add args [ 'git+https://github.com/JC-Orozco/blockpy.git#2984f8f', null ]
298 verbose cache add spec git+https://github.com/JC-Orozco/blockpy.git#2984f8f
299 silly fetchOtherPackageData git+https://github.com/JC-Orozco/node-blockly.git#3d82d76
300 silly cache add args [ 'git+https://github.com/JC-Orozco/node-blockly.git#3d82d76',
300 silly cache add   null ]
301 verbose cache add spec git+https://github.com/JC-Orozco/node-blockly.git#3d82d76
302 silly cache add parsed spec Result {
302 silly cache add   raw: 'git+https://github.com/JC-Orozco/blockpy.git#2984f8f',
302 silly cache add   scope: null,
302 silly cache add   escapedName: null,
302 silly cache add   name: null,
302 silly cache add   rawSpec: 'git+https://github.com/JC-Orozco/blockpy.git#2984f8f',
302 silly cache add   spec: 'git+https://github.com/JC-Orozco/blockpy.git#2984f8f',
302 silly cache add   type: 'hosted',
302 silly cache add   hosted:
302 silly cache add    { type: 'github',
302 silly cache add      ssh: 'git@github.com:JC-Orozco/blockpy.git#2984f8f',
302 silly cache add      sshUrl: 'git+ssh://git@github.com/JC-Orozco/blockpy.git#2984f8f',
302 silly cache add      httpsUrl: 'git+https://github.com/JC-Orozco/blockpy.git#2984f8f',
302 silly cache add      gitUrl: 'git://github.com/JC-Orozco/blockpy.git#2984f8f',
302 silly cache add      shortcut: 'github:JC-Orozco/blockpy#2984f8f',
302 silly cache add      directUrl: 'https://raw.githubusercontent.com/JC-Orozco/blockpy/2984f8f/package.json' } }
303 verbose addRemoteGit caching git+https://github.com/JC-Orozco/blockpy.git#2984f8f
304 verbose addRemoteGit git+https://github.com/JC-Orozco/blockpy.git#2984f8f is a repository hosted by github
305 silly tryClone cloning git+https://github.com/JC-Orozco/blockpy.git#2984f8f via git+https://github.com/JC-Orozco/blockpy.git#2984f8f
306 verbose tryClone git-https-github-com-JC-Orozco-blockpy-git-2984f8f-27f59756 not in flight; caching
307 verbose correctMkdir C:\Users\jcorozco\AppData\Roaming\npm-cache\_git-remotes correctMkdir not in flight; initializing
308 silly cache add parsed spec Result {
308 silly cache add   raw: 'git+https://github.com/JC-Orozco/node-blockly.git#3d82d76',
308 silly cache add   scope: null,
308 silly cache add   escapedName: null,
308 silly cache add   name: null,
308 silly cache add   rawSpec: 'git+https://github.com/JC-Orozco/node-blockly.git#3d82d76',
308 silly cache add   spec: 'git+https://github.com/JC-Orozco/node-blockly.git#3d82d76',
308 silly cache add   type: 'hosted',
308 silly cache add   hosted:
308 silly cache add    { type: 'github',
308 silly cache add      ssh: 'git@github.com:JC-Orozco/node-blockly.git#3d82d76',
308 silly cache add      sshUrl: 'git+ssh://git@github.com/JC-Orozco/node-blockly.git#3d82d76',
308 silly cache add      httpsUrl: 'git+https://github.com/JC-Orozco/node-blockly.git#3d82d76',
308 silly cache add      gitUrl: 'git://github.com/JC-Orozco/node-blockly.git#3d82d76',
308 silly cache add      shortcut: 'github:JC-Orozco/node-blockly#3d82d76',
308 silly cache add      directUrl: 'https://raw.githubusercontent.com/JC-Orozco/node-blockly/3d82d76/package.json' } }
309 verbose addRemoteGit caching git+https://github.com/JC-Orozco/node-blockly.git#3d82d76
310 verbose addRemoteGit git+https://github.com/JC-Orozco/node-blockly.git#3d82d76 is a repository hosted by github
311 silly tryClone cloning git+https://github.com/JC-Orozco/node-blockly.git#3d82d76 via git+https://github.com/JC-Orozco/node-blockly.git#3d82d76
312 verbose tryClone git-https-github-com-JC-Orozco-node-blockly-git-3d82d76-078a06cb not in flight; caching
313 verbose correctMkdir C:\Users\jcorozco\AppData\Roaming\npm-cache\_git-remotes correctMkdir already in flight; waiting
314 verbose get https://registry.npmjs.org/acorn not expired, no request
315 verbose get https://registry.npmjs.org/acorn-dynamic-import not expired, no request
316 verbose get https://registry.npmjs.org/acorn-jsx-walk not expired, no request
317 verbose get https://registry.npmjs.org/file-saver not expired, no request
318 verbose get https://registry.npmjs.org/imports-loader not expired, no request
319 verbose get https://registry.npmjs.org/react-codemirror not expired, no request
320 verbose get https://registry.npmjs.org/react-dom not expired, no request
321 verbose get https://registry.npmjs.org/react not expired, no request
322 verbose get https://registry.npmjs.org/react-scripts not expired, no request
323 verbose get https://registry.npmjs.org/react-split-pane not expired, no request
324 verbose get https://registry.npmjs.org/react-tabs not expired, no request
325 verbose get https://registry.npmjs.org/snapsvg not expired, no request
326 info git [ 'config', '--get', 'remote.origin.url' ]
327 info git [ 'clone',
327 info git   '--template=C:\\Users\\jcorozco\\AppData\\Roaming\\npm-cache\\_git-remotes\\_templates',
327 info git   '--mirror',
327 info git   'https://github.com/JC-Orozco/node-blockly.git',
327 info git   'C:\\Users\\jcorozco\\AppData\\Roaming\\npm-cache\\_git-remotes\\git-https-github-com-JC-Orozco-node-blockly-git-3d82d76-078a06cb' ]
328 silly validateExistingRemote git+https://github.com/JC-Orozco/blockpy.git#2984f8f remote.origin.url: https://github.com/JC-Orozco/blockpy.git
329 verbose validateExistingRemote git+https://github.com/JC-Orozco/blockpy.git#2984f8f is updating existing cached remote C:\Users\jcorozco\AppData\Roaming\npm-cache\_git-remotes\git-https-github-com-JC-Orozco-blockpy-git-2984f8f-27f59756
330 info git [ 'fetch', '-a', 'origin' ]
331 verbose updateRemote git fetch -a origin (https://github.com/JC-Orozco/blockpy.git)
332 verbose setPermissions git+https://github.com/JC-Orozco/blockpy.git#2984f8f skipping chownr on Windows
333 verbose resolveHead git+https://github.com/JC-Orozco/blockpy.git#2984f8f original treeish: 2984f8f
334 info git [ 'rev-list', '-n1', '2984f8f' ]
335 silly resolveHead git+https://github.com/JC-Orozco/blockpy.git#2984f8f resolved treeish: 2984f8fa6dc35fcd1f5a3f06e8f6875a0236e2ba
336 verbose resolveHead git+https://github.com/JC-Orozco/blockpy.git#2984f8f resolved Git URL: git+https://github.com/JC-Orozco/blockpy.git#2984f8fa6dc35fcd1f5a3f06e8f6875a0236e2ba
337 silly resolveHead Git working directory: C:\Users\jcorozco\AppData\Local\Temp\npm-1720-38ea4565\git-cache-561bba93\2984f8fa6dc35fcd1f5a3f06e8f6875a0236e2ba
338 info git [ 'clone',
338 info git   'C:\\Users\\jcorozco\\AppData\\Roaming\\npm-cache\\_git-remotes\\git-https-github-com-JC-Orozco-blockpy-git-2984f8f-27f59756',
338 info git   'C:\\Users\\jcorozco\\AppData\\Local\\Temp\\npm-1720-38ea4565\\git-cache-561bba93\\2984f8fa6dc35fcd1f5a3f06e8f6875a0236e2ba' ]
339 verbose mirrorRemote git+https://github.com/JC-Orozco/node-blockly.git#3d82d76 git clone https://github.com/JC-Orozco/node-blockly.git
340 verbose setPermissions git+https://github.com/JC-Orozco/node-blockly.git#3d82d76 skipping chownr on Windows
341 verbose resolveHead git+https://github.com/JC-Orozco/node-blockly.git#3d82d76 original treeish: 3d82d76
342 info git [ 'rev-list', '-n1', '3d82d76' ]
343 silly resolveHead git+https://github.com/JC-Orozco/node-blockly.git#3d82d76 resolved treeish: 3d82d7664d91d2709e1318bb12bf23fdb41fe7e5
344 verbose resolveHead git+https://github.com/JC-Orozco/node-blockly.git#3d82d76 resolved Git URL: git+https://github.com/JC-Orozco/node-blockly.git#3d82d7664d91d2709e1318bb12bf23fdb41fe7e5
345 silly resolveHead Git working directory: C:\Users\jcorozco\AppData\Local\Temp\npm-1720-38ea4565\git-cache-8bf3af94\3d82d7664d91d2709e1318bb12bf23fdb41fe7e5
346 info git [ 'clone',
346 info git   'C:\\Users\\jcorozco\\AppData\\Roaming\\npm-cache\\_git-remotes\\git-https-github-com-JC-Orozco-node-blockly-git-3d82d76-078a06cb',
346 info git   'C:\\Users\\jcorozco\\AppData\\Local\\Temp\\npm-1720-38ea4565\\git-cache-8bf3af94\\3d82d7664d91d2709e1318bb12bf23fdb41fe7e5' ]
347 verbose cloneResolved git+https://github.com/JC-Orozco/node-blockly.git#3d82d76 clone Cloning into 'C:\Users\jcorozco\AppData\Local\Temp\npm-1720-38ea4565\git-cache-8bf3af94\3d82d7664d91d2709e1318bb12bf23fdb41fe7e5'...
347 verbose cloneResolved done.
348 info git [ 'checkout', '3d82d7664d91d2709e1318bb12bf23fdb41fe7e5' ]
349 verbose checkoutTreeish git+https://github.com/JC-Orozco/node-blockly.git#3d82d76 checkout Note: checking out '3d82d7664d91d2709e1318bb12bf23fdb41fe7e5'.
349 verbose checkoutTreeish
349 verbose checkoutTreeish You are in 'detached HEAD' state. You can look around, make experimental
349 verbose checkoutTreeish changes and commit them, and you can discard any commits you make in this
349 verbose checkoutTreeish state without impacting any branches by performing another checkout.
349 verbose checkoutTreeish
349 verbose checkoutTreeish If you want to create a new branch to retain commits you create, you may
349 verbose checkoutTreeish do so (now or later) by using -b with the checkout command again. Example:
349 verbose checkoutTreeish
349 verbose checkoutTreeish   git checkout -b <new-branch-name>
349 verbose checkoutTreeish
349 verbose checkoutTreeish HEAD is now at 3d82d76... gulp build
350 info git [ 'submodule', '-q', 'update', '--init', '--recursive' ]
351 verbose cloneResolved git+https://github.com/JC-Orozco/blockpy.git#2984f8f clone Cloning into 'C:\Users\jcorozco\AppData\Local\Temp\npm-1720-38ea4565\git-cache-561bba93\2984f8fa6dc35fcd1f5a3f06e8f6875a0236e2ba'...
351 verbose cloneResolved done.
351 verbose cloneResolved Checking out files:   4% (544/13277)   Checking out files:   5% (664/13277)   Checking out files:   6% (797/13277)   Checking out files:   7% (930/13277)   Checking out files:   8% (1063/13277)   Checking out files:   9% (1195/13277)   Checking out files:  10% (1328/13277)   Checking out files:  11% (1461/13277)   Checking out files:  12% (1594/13277)   Checking out files:  12% (1693/13277)   Checking out files:  13% (1727/13277)   Checking out files:  14% (1859/13277)   Checking out files:  15% (1992/13277)   Checking out files:  16% (2125/13277)   Checking out files:  17% (2258/13277)   Checking out files:  18% (2390/13277)   Checking out files:  19% (2523/13277)   Checking out files:  20% (2656/13277)   Checking out files:  21% (2789/13277)   Checking out files:  22% (2921/13277)   Checking out files:  22% (2966/13277)   Checking out files:  23% (3054/13277)   Checking out files:  24% (3187/13277)   Checking out files:  25% (3320/13277)   Checking out files:  26% (3453/13277)   Checking out files:  27% (3585/13277)   Checking out files:  28% (3718/13277)   Checking out files:  29% (3851/13277)   Checking out files:  30% (3984/13277)   Checking out files:  30% (4030/13277)   Checking out files:  31% (4116/13277)   Checking out files:  32% (4249/13277)   Checking out files:  33% (4382/13277)   Checking out files:  34% (4515/13277)   Checking out files:  35% (4647/13277)   Checking out files:  36% (4780/13277)   Checking out files:  37% (4913/13277)   Checking out files:  38% (5046/13277)   Checking out files:  39% (5179/13277)   Checking out files:  39% (5284/13277)   Checking out files:  40% (5311/13277)   Checking out files:  41% (5444/13277)   Checking out files:  42% (5577/13277)   Checking out files:  43% (5710/13277)   Checking out files:  44% (5842/13277)   Checking out files:  45% (5975/13277)   Checking out files:  46% (6108/13277)   Checking out files:  47% (6241/13277)   Checking out files:  48% (6373/13277)   Checking out files:  49% (6506/13277)   Checking out files:  49% (6583/13277)   Checking out files:  50% (6639/13277)   Checking out files:  51% (6772/13277)   Checking out files:  52% (6905/13277)   Checking out files:  53% (7037/13277)   Checking out files:  54% (7170/13277)   Checking out files:  55% (7303/13277)   Checking out files:  56% (7436/13277)   Checking out files:  56% (7566/13277)   Checking out files:  57% (7568/13277)   Checking out files:  58% (7701/13277)   Checking out files:  59% (7834/13277)   Checking out files:  60% (7967/13277)   Checking out files:  61% (8099/13277)   Checking out files:  62% (8232/13277)   Checking out files:  63% (8365/13277)   Checking out files:  64% (8498/13277)   Checking out files:  65% (8631/13277)   Checking out files:  66% (8763/13277)   Checking out files:  66% (8782/13277)   Checking out files:  67% (8896/13277)   Checking out files:  68% (9029/13277)   Checking out files:  69% (9162/13277)   Checking out files:  70% (9294/13277)   Checking out files:  71% (9427/13277)   Checking out files:  72% (9560/13277)   Checking out files:  73% (9693/13277)   Checking out files:  74% (9825/13277)   Checking out files:  75% (9958/13277)   Checking out files:  75% (10076/13277)   Checking out files:  76% (10091/13277)   Checking out files:  77% (10224/13277)   Checking out files:  78% (10357/13277)   Checking out files:  79% (10489/13277)   Checking out files:  80% (10622/13277)   Checking out files:  80% (10744/13277)   Checking out files:  81% (10755/13277)   Checking out files:  82% (10888/13277)   Checking out files:  83% (11020/13277)   Checking out files:  84% (11153/13277)   Checking out files:  85% (11286/13277)   Checking out files:  86% (11419/13277)   Checking out files:  87% (11551/13277)   Checking out files:  88% (11684/13277)   Checking out files:  89% (11817/13277)   Checking out files:  90% (11950/13277)   Checking out files:  91% (12083/13277)   Checking out files:  92% (12215/13277)   Checking out files:  93% (12348/13277)   Checking out files:  94% (12481/13277)   Checking out files:  95% (12614/13277)   Checking out files:  96% (12746/13277)   Checking out files:  97% (12879/13277)   Checking out files:  98% (13012/13277)   Checking out files:  99% (13145/13277)   Checking out files: 100% (13277/13277)   Checking out files: 100% (13277/13277), done.
352 info git [ 'checkout', '2984f8fa6dc35fcd1f5a3f06e8f6875a0236e2ba' ]
353 verbose checkoutTreeish git+https://github.com/JC-Orozco/blockpy.git#2984f8f checkout Note: checking out '2984f8fa6dc35fcd1f5a3f06e8f6875a0236e2ba'.
353 verbose checkoutTreeish
353 verbose checkoutTreeish You are in 'detached HEAD' state. You can look around, make experimental
353 verbose checkoutTreeish changes and commit them, and you can discard any commits you make in this
353 verbose checkoutTreeish state without impacting any branches by performing another checkout.
353 verbose checkoutTreeish
353 verbose checkoutTreeish If you want to create a new branch to retain commits you create, you may
353 verbose checkoutTreeish do so (now or later) by using -b with the checkout command again. Example:
353 verbose checkoutTreeish
353 verbose checkoutTreeish   git checkout -b <new-branch-name>
353 verbose checkoutTreeish
353 verbose checkoutTreeish HEAD is now at 2984f8f... Added js code generation to many blockpy blocks
354 info git [ 'submodule', '-q', 'update', '--init', '--recursive' ]
355 verbose updateSubmodules git+https://github.com/JC-Orozco/node-blockly.git#3d82d76 submodule update
356 verbose addLocalDirectory C:\Users\jcorozco\AppData\Roaming\npm-cache\node-blockly\1.0.19\package.tgz not in flight; packing
357 verbose correctMkdir C:\Users\jcorozco\AppData\Roaming\npm-cache correctMkdir not in flight; initializing
358 verbose tar pack [ 'C:\\Users\\jcorozco\\AppData\\Roaming\\npm-cache\\node-blockly\\1.0.19\\package.tgz',
358 verbose tar pack   'C:\\Users\\jcorozco\\AppData\\Local\\Temp\\npm-1720-38ea4565\\git-cache-8bf3af94\\3d82d7664d91d2709e1318bb12bf23fdb41fe7e5' ]
359 verbose tarball C:\Users\jcorozco\AppData\Roaming\npm-cache\node-blockly\1.0.19\package.tgz
360 verbose folder C:\Users\jcorozco\AppData\Local\Temp\npm-1720-38ea4565\git-cache-8bf3af94\3d82d7664d91d2709e1318bb12bf23fdb41fe7e5
361 verbose addLocalTarball adding from inside cache C:\Users\jcorozco\AppData\Roaming\npm-cache\node-blockly\1.0.19\package.tgz
362 verbose correctMkdir C:\Users\jcorozco\AppData\Roaming\npm-cache correctMkdir not in flight; initializing
363 verbose addRemoteGit data._from: git+https://github.com/JC-Orozco/node-blockly.git#3d82d76
364 verbose addRemoteGit data._resolved: git+https://github.com/JC-Orozco/node-blockly.git#3d82d7664d91d2709e1318bb12bf23fdb41fe7e5
365 silly cache afterAdd node-blockly@1.0.19
366 verbose afterAdd C:\Users\jcorozco\AppData\Roaming\npm-cache\node-blockly\1.0.19\package\package.json not in flight; writing
367 verbose correctMkdir C:\Users\jcorozco\AppData\Roaming\npm-cache correctMkdir not in flight; initializing
368 verbose afterAdd C:\Users\jcorozco\AppData\Roaming\npm-cache\node-blockly\1.0.19\package\package.json written
369 verbose updateSubmodules git+https://github.com/JC-Orozco/blockpy.git#2984f8f submodule update
370 error addLocal Could not install C:\Users\jcorozco\AppData\Local\Temp\npm-1720-38ea4565\git-cache-561bba93\2984f8fa6dc35fcd1f5a3f06e8f6875a0236e2ba
371 silly fetchPackageMetaData Error: EISDIR: illegal operation on a directory, read
371 silly fetchPackageMetaData     at Error (native)
371 silly fetchPackageMetaData  error for git+https://github.com/JC-Orozco/blockpy.git#2984f8f { Error: EISDIR: illegal operation on a directory, read
371 silly fetchPackageMetaData     at Error (native) errno: -4068, code: 'EISDIR', syscall: 'read' }
372 silly rollbackFailedOptional Starting
373 silly rollbackFailedOptional Finishing
374 silly runTopLevelLifecycles Finishing
375 silly install printInstalled
376 verbose stack Error: EISDIR: illegal operation on a directory, read
376 verbose stack     at Error (native)
377 verbose cwd C:\Users\jcorozco\git\blockly\BlocksIDE
378 error Windows_NT 10.0.15063
379 error argv "C:\\Program Files\\nodejs\\node.exe" "C:\\Program Files\\nodejs\\node_modules\\npm\\bin\\npm-cli.js" "update"
380 error node v6.11.1
381 error npm  v3.10.10
382 error code EISDIR
383 error errno -4068
384 error syscall read
385 error eisdir EISDIR: illegal operation on a directory, read
386 error eisdir This is most likely not a problem with npm itself
386 error eisdir and is related to npm not being able to find a package.json in
386 error eisdir a package you are trying to install.
387 verbose exit [ -4068, true ]
